Arguments: 
  C:\Program Files\nodejs\node.exe C:\Program Files (x86)\Yarn\bin\yarn.js add —-dev react-native-testing-library

PATH: 
  C:\Users\julio\bin;C:\Program Files\Git\mingw64\bin;C:\Program Files\Git\usr\local\bin;C:\Program Files\Git\usr\bin;C:\Program Files\Git\usr\bin;C:\Program Files\Git\mingw64\bin;C:\Program Files\Git\usr\bin;C:\Users\julio\bin;C:\Program Files\Common Files\Oracle\Java\javapath;C:\Python39\Scripts;C:\Python39;C:\Program Files\Microsoft MPI\Bin;C:\Windows\system32;C:\Windows;C:\Windows\System32\Wbem;C:\Windows\System32\WindowsPowerShell\v1.0;C:\Windows\System32\OpenSSH;C:\Program Files\dotnet;C:\Program Files\Microsoft SQL Server\130\Tools\Binn;C:\Program Files\Microsoft SQL Server\Client SDK\ODBC\170\Tools\Binn;C:\Program Files (x86)\Microsoft SQL Server\150\Tools\Binn;C:\Program Files\Microsoft SQL Server\150\Tools\Binn;C:\Program Files (x86)\Microsoft SQL Server\150\DTS\Binn;C:\Program Files\Microsoft SQL Server\150\DTS\Binn;C:\Program Files\Azure Data Studio\bin;C:\Program Files (x86)\Yarn\bin;C:\Program Files\Java\jdk-11.0.2\bin;C:\Program Files\nodejs;C:\ProgramData\chocolatey\bin;C:\Program Files\Git\cmd;C:\Users\julio\AppData\Local\Microsoft\WindowsApps;C:\Users\julio\.dotnet\tools;C:\Program Files\Azure Data Studio\bin;C:\Users\julio\AppData\Local\GitHubDesktop\bin;C:\Users\julio\AppData\Local\Yarn\bin;C:\Program Files\heroku\bin;C:\Users\julio\AppData\Roaming\npm;C:\Users\julio\AppData\Local\Programs\Microsoft VS Code\bin;C:\Program Files\Git\usr\bin\vendor_perl;C:\Program Files\Git\usr\bin\core_perl

Yarn version: 
  1.22.5

Node version: 
  14.15.4

Platform: 
  win32 x64

Trace: 
  TypeError [ERR_UNESCAPED_CHARACTERS]: Request path contains unescaped characters
      at new ClientRequest (_http_client.js:151:13)
      at Object.request (https.js:313:10)
      at Request.module.exports.Request.start (C:\Program Files (x86)\Yarn\lib\cli.js:141311:32)
      at Request.module.exports.Request.end (C:\Program Files (x86)\Yarn\lib\cli.js:142070:10)
      at end (C:\Program Files (x86)\Yarn\lib\cli.js:141124:14)
      at Immediate._onImmediate (C:\Program Files (x86)\Yarn\lib\cli.js:141138:7)
      at processImmediate (internal/timers.js:461:21)

npm manifest: 
  {
    "main": "node_modules/expo/AppEntry.js",
    "scripts": {
      "start": "expo start",
      "android": "expo start --android",
      "ios": "expo start --ios",
      "web": "expo start --web",
      "eject": "expo eject"
    },
    "dependencies": {
      "@expo-google-fonts/open-sans": "^0.1.0",
      "@react-native-community/masked-view": "0.1.10",
      "@react-navigation/native": "^5.8.10",
      "@react-navigation/stack": "^5.12.8",
      "axios": "^0.21.1",
      "days": "^1.1.1",
      "expo": "~40.0.0",
      "expo-app-loading": "^1.0.1",
      "expo-font": "~8.4.0",
      "expo-status-bar": "~1.0.3",
      "react": "16.13.1",
      "react-dom": "16.13.1",
      "react-native": "https://github.com/expo/react-native/archive/sdk-40.0.1.tar.gz",
      "react-native-gesture-handler": "~1.8.0",
      "react-native-screens": "~2.15.0",
      "react-native-web": "~0.13.12"
    },
    "devDependencies": {
      "@babel/core": "~7.9.0",
      "@types/react": "~16.9.35",
      "@types/react-dom": "~16.9.8",
      "@types/react-native": "~0.63.2",
      "typescript": "~4.0.0"
    },
    "private": true
  }

yarn manifest: 
  No manifest

Lockfile: 
  No lockfile
